============================= test session starts ==============================
platform darwin -- Python 3.12.2, pytest-9.0.3, pluggy-1.6.0 -- /Users/99/.pyenv/versions/3.12.2/bin/python3
cachedir: .pytest_cache
rootdir: /private/tmp/pbscaler-keff-stage12/PBScaler
plugins: locust-2.43.4, anyio-4.13.0
collecting ... collected 51 items

tests/test_effective_capacity.py::TestFStep::test_below_threshold_returns_zero PASSED [  1%]
tests/test_effective_capacity.py::TestFStep::test_at_or_above_threshold_returns_one PASSED [  3%]
tests/test_effective_capacity.py::TestFLinear::test_boundary_values PASSED [  5%]
tests/test_effective_capacity.py::TestFLinear::test_midpoint_is_half PASSED [  7%]
tests/test_effective_capacity.py::TestFLinear::test_clamped_above_t_cold PASSED [  9%]
tests/test_effective_capacity.py::TestFLinear::test_monotonic PASSED     [ 11%]
tests/test_effective_capacity.py::TestFSigmoid::test_boundary_values_exact PASSED [ 13%]
tests/test_effective_capacity.py::TestFSigmoid::test_midpoint_is_half PASSED [ 15%]
tests/test_effective_capacity.py::TestFSigmoid::test_monotonic PASSED    [ 17%]
tests/test_effective_capacity.py::TestFSigmoid::test_slow_start_fast_finish_shape PASSED [ 19%]
tests/test_effective_capacity.py::TestFSigmoid::test_clamped_above_t_cold PASSED [ 21%]
tests/test_effective_capacity.py::TestFSigmoid::test_clamped_below_zero PASSED [ 23%]
tests/test_effective_capacity.py::TestComputeKeff::test_all_ready_returns_integer_count PASSED [ 25%]
tests/test_effective_capacity.py::TestComputeKeff::test_all_warmup_step_returns_zero_below_threshold PASSED [ 27%]
tests/test_effective_capacity.py::TestComputeKeff::test_all_warmup_linear_fractional PASSED [ 29%]
tests/test_effective_capacity.py::TestComputeKeff::test_mixed_ready_and_warmup PASSED [ 31%]
tests/test_effective_capacity.py::TestComputeKeff::test_empty_pod_list PASSED [ 33%]
tests/test_effective_capacity.py::TestComputeKeff::test_invalid_curve_name_raises PASSED [ 35%]
tests/test_ga_keff.py::TestKeffToggle::test_disabled_without_keff_args PASSED [ 37%]
tests/test_ga_keff.py::TestKeffToggle::test_disabled_when_only_one_arg PASSED [ 39%]
tests/test_ga_keff.py::TestKeffToggle::test_enabled_with_both_args PASSED [ 41%]
tests/test_ga_keff.py::TestCspMax::test_csp_max_per_eq_csp_max PASSED    [ 43%]
tests/test_ga_keff.py::TestColdStartPenalty::test_positive_delta_only PASSED [ 45%]
tests/test_ga_keff.py::TestColdStartPenalty::test_negative_delta_treated_as_zero PASSED [ 47%]
tests/test_ga_keff.py::TestColdStartPenalty::test_mixed_delta PASSED     [ 49%]
tests/test_ga_keff.py::TestFitnessLegacy::test_uses_objective_balance PASSED [ 50%]
tests/test_ga_keff.py::TestFitnessKeff::test_fitness_with_no_added_replicas_max_reward PASSED [ 52%]
tests/test_ga_keff.py::TestFitnessKeff::test_fitness_csp_penalizes_added_warmup_cost PASSED [ 54%]
tests/test_ga_keff.py::TestFitnessKeff::test_non_bottleneck_feature_uses_keff_observed PASSED [ 56%]
tests/test_keff.py::TestGaExtraKwargs::test_returns_all_three_keys PASSED [ 58%]
tests/test_keff.py::TestGaExtraKwargs::test_pod_states_filtered_to_mss PASSED [ 60%]
tests/test_keff.py::TestGaExtraKwargs::test_warmup_curve_propagated PASSED [ 62%]
tests/test_naive_temporal_gate.py::TestNaiveTemporalGate::test_scale_down_not_blocked PASSED [ 64%]
tests/test_naive_temporal_gate.py::TestNaiveTemporalGate::test_scale_up_allowed_after_cooldown PASSED [ 66%]
tests/test_naive_temporal_gate.py::TestNaiveTemporalGate::test_scale_up_blocked_during_cooldown PASSED [ 68%]
tests/test_pipeline.py::TestAnomalyDetection::test_cascading_bottleneck_detects_payment PASSED [ 70%]
tests/test_pipeline.py::TestAnomalyDetection::test_normal_load_no_violations PASSED [ 72%]
tests/test_pipeline.py::TestAnomalyDetection::test_single_bottleneck_detects_checkout PASSED [ 74%]
tests/test_pipeline.py::TestRootCauseAnalysis::test_cascading_bottleneck_root_is_payment PASSED [ 76%]
tests/test_pipeline.py::TestRootCauseAnalysis::test_normal_load_no_abnormal_calls PASSED [ 78%]
tests/test_pipeline.py::TestRootCauseAnalysis::test_single_bottleneck_root_is_checkout PASSED [ 80%]
tests/test_pipeline.py::TestGAOptimisation::test_choose_action_respects_min_max_bounds PASSED [ 82%]
tests/test_pipeline.py::TestGAOptimisation::test_choose_action_scales_checkout PASSED [ 84%]
tests/test_pipeline.py::TestGAOptimisation::test_choose_action_scales_payment_in_cascade PASSED [ 86%]
tests/test_pipeline.py::TestScenarioSwitching::test_scenario_transition PASSED [ 88%]
tests/test_profile_cold_start.py::TestPercentile::test_empty_returns_nan PASSED [ 90%]
tests/test_profile_cold_start.py::TestPercentile::test_single_value PASSED [ 92%]
tests/test_profile_cold_start.py::TestPercentile::test_midpoint PASSED   [ 94%]
tests/test_profile_cold_start.py::TestPercentile::test_extreme_percentiles PASSED [ 96%]
tests/test_profile_cold_start.py::TestPercentile::test_p95_realistic_distribution PASSED [ 98%]
tests/test_profile_cold_start.py::TestPercentile::test_unsorted_input PASSED [100%]

============================== 51 passed in 3.24s ==============================
